"An instance is already running!, use --replace to restart Latte"
Gtk-Message: 10:54:45.224: Failed to load module "window-decorations-gtk-module"
Gtk-Message: 10:54:45.224: Failed to load module "colorreload-gtk-module"
Warning: 'sandbox' is not in the list of known options, but still passed to Electron/Chromium.
QObject::startTimer: Timers cannot have negative intervals
[90m[main 2021-04-16T08:54:45.500Z][0m update#setState idle
bash: cannot set terminal process group (-1): Inappropriate ioctl for device
bash: no job control in this shell
(node:5972) electron: The default of contextIsolation is deprecated and will be changing from false to true in a future release of Electron.  See https://github.com/electron/electron/issues/23506 for more information
(node:5972) electron: The default of contextIsolation is deprecated and will be changing from false to true in a future release of Electron.  See https://github.com/electron/electron/issues/23506 for more information
(node:6137) Electron: Loading non-context-aware native module in renderer: '/usr/share/code/resources/app/node_modules.asar.unpacked/spdlog/build/Release/spdlog.node'. This is deprecated, see https://github.com/electron/electron/issues/18397.
[90m[main 2021-04-16T08:55:15.506Z][0m update#setState checking for updates
[90m[main 2021-04-16T08:55:15.545Z][0m update#setState available for download
Discord 0.0.14
(node:6513) [DEP0005] DeprecationWarning: Buffer() is deprecated due to security and usability issues. Please use the Buffer.alloc(), Buffer.allocUnsafe(), or Buffer.from() methods instead.
Gtk-Message: 11:06:52.962: Failed to load module "window-decorations-gtk-module"
Gtk-Message: 11:06:52.963: Failed to load module "colorreload-gtk-module"
Starting app.
Starting updater.
[Modules] Modules initializing
[Modules] Distribution: remote
[Modules] Host updates: enabled
[Modules] Module updates: enabled
[Modules] Module install path: /home/manu/.config/discord/0.0.14/modules
[Modules] Module installed file path: /home/manu/.config/discord/0.0.14/modules/installed.json
[Modules] Module download path: /home/manu/.config/discord/0.0.14/modules/pending
[Modules] No updates to install
[Modules] Checking for host updates.
[Modules] Host is up to date.
[Modules] Checking for module updates at https://discord.com/api/modules/stable/versions.json
[Modules] No module updates available.
[2021-04-16 11:06:54.154] [6610] (audio_device_generic.cc:66): SetRecordingDevice: Not supported on this platform
[2021-04-16 11:06:54.156] [6610] (audio_device_generic.cc:61): SetPlayoutDevice: Not supported on this platform
[2021-04-16 11:06:54.176] [6610] (audio_device_generic.cc:66): SetRecordingDevice: Not supported on this platform
[2021-04-16 11:06:54.177] [6610] (audio_device_generic.cc:61): SetPlayoutDevice: Not supported on this platform
QObject::startTimer: Timers cannot have negative intervals
Discord 0.0.14
Quitting secondary instance.
(node:7089) [DEP0005] DeprecationWarning: Buffer() is deprecated due to security and usability issues. Please use the Buffer.alloc(), Buffer.allocUnsafe(), or Buffer.from() methods instead.
Gtk-Message: 11:18:44.820: Failed to load module "window-decorations-gtk-module"
Gtk-Message: 11:18:44.820: Failed to load module "colorreload-gtk-module"
[Modules] Checking for host updates.
[Modules] Host is up to date.
[Modules] Checking for module updates at https://discord.com/api/modules/stable/versions.json
[Modules] No module updates available.
[Modules] Checking for host updates.
[Modules] Host is up to date.
[Modules] Checking for module updates at https://discord.com/api/modules/stable/versions.json
[Modules] No module updates available.
[2021-04-16 13:37:17.254] [6610] (audio_device_generic.cc:61): SetPlayoutDevice: Not supported on this platform
[Modules] Checking for host updates.
[Modules] Host is up to date.
[Modules] Checking for module updates at https://discord.com/api/modules/stable/versions.json
[Modules] No module updates available.
[2021-04-16 14:25:59.719] [6610] (audio_device_generic.cc:61): SetPlayoutDevice: Not supported on this platform
Discord 0.0.14
Quitting secondary instance.
(node:11957) [DEP0005] DeprecationWarning: Buffer() is deprecated due to security and usability issues. Please use the Buffer.alloc(), Buffer.allocUnsafe(), or Buffer.from() methods instead.
Gtk-Message: 14:56:19.654: Failed to load module "window-decorations-gtk-module"
Gtk-Message: 14:56:19.654: Failed to load module "colorreload-gtk-module"
[Modules] Checking for host updates.
[Modules] Host is up to date.
[Modules] Checking for module updates at https://discord.com/api/modules/stable/versions.json
[Modules] No module updates available.
Discord 0.0.14
Quitting secondary instance.
(node:13047) [DEP0005] DeprecationWarning: Buffer() is deprecated due to security and usability issues. Please use the Buffer.alloc(), Buffer.allocUnsafe(), or Buffer.from() methods instead.
Gtk-Message: 15:17:03.232: Failed to load module "window-decorations-gtk-module"
Gtk-Message: 15:17:03.232: Failed to load module "colorreload-gtk-module"
Discord 0.0.14
(node:13240) [DEP0005] DeprecationWarning: Buffer() is deprecated due to security and usability issues. Please use the Buffer.alloc(), Buffer.allocUnsafe(), or Buffer.from() methods instead.
Gtk-Message: 15:19:53.322: Failed to load module "window-decorations-gtk-module"
Gtk-Message: 15:19:53.322: Failed to load module "colorreload-gtk-module"
Starting app.
Starting updater.
[Modules] Modules initializing
[Modules] Distribution: remote
[Modules] Host updates: enabled
[Modules] Module updates: enabled
[Modules] Module install path: /home/manu/.config/discord/0.0.14/modules
[Modules] Module installed file path: /home/manu/.config/discord/0.0.14/modules/installed.json
[Modules] Module download path: /home/manu/.config/discord/0.0.14/modules/pending
[Modules] No updates to install
[Modules] Checking for host updates.
[Modules] Host is up to date.
[Modules] Checking for module updates at https://discord.com/api/modules/stable/versions.json
[Modules] No module updates available.
[2021-04-16 15:19:54.388] [13338] (audio_device_generic.cc:66): SetRecordingDevice: Not supported on this platform
[2021-04-16 15:19:54.390] [13338] (audio_device_generic.cc:61): SetPlayoutDevice: Not supported on this platform
[2021-04-16 15:19:54.409] [13338] (audio_device_generic.cc:66): SetRecordingDevice: Not supported on this platform
[2021-04-16 15:19:54.410] [13338] (audio_device_generic.cc:61): SetPlayoutDevice: Not supported on this platform
Discord 0.0.14
(node:13547) [DEP0005] DeprecationWarning: Buffer() is deprecated due to security and usability issues. Please use the Buffer.alloc(), Buffer.allocUnsafe(), or Buffer.from() methods instead.
Gtk-Message: 15:28:07.949: Failed to load module "window-decorations-gtk-module"
Gtk-Message: 15:28:07.949: Failed to load module "colorreload-gtk-module"
Starting app.
Starting updater.
[Modules] Modules initializing
[Modules] Distribution: remote
[Modules] Host updates: enabled
[Modules] Module updates: enabled
[Modules] Module install path: /home/manu/.config/discord/0.0.14/modules
[Modules] Module installed file path: /home/manu/.config/discord/0.0.14/modules/installed.json
[Modules] Module download path: /home/manu/.config/discord/0.0.14/modules/pending
[Modules] No updates to install
[Modules] Checking for host updates.
[Modules] Host is up to date.
[Modules] Checking for module updates at https://discord.com/api/modules/stable/versions.json
[Modules] No module updates available.
[2021-04-16 15:28:09.013] [13643] (audio_device_generic.cc:66): SetRecordingDevice: Not supported on this platform
[2021-04-16 15:28:09.016] [13643] (audio_device_generic.cc:61): SetPlayoutDevice: Not supported on this platform
[2021-04-16 15:28:09.037] [13643] (audio_device_generic.cc:66): SetRecordingDevice: Not supported on this platform
[2021-04-16 15:28:09.039] [13643] (audio_device_generic.cc:61): SetPlayoutDevice: Not supported on this platform
Discord 0.0.14
Quitting secondary instance.
(node:13899) [DEP0005] DeprecationWarning: Buffer() is deprecated due to security and usability issues. Please use the Buffer.alloc(), Buffer.allocUnsafe(), or Buffer.from() methods instead.
Gtk-Message: 15:36:58.301: Failed to load module "window-decorations-gtk-module"
Gtk-Message: 15:36:58.301: Failed to load module "colorreload-gtk-module"
Discord 0.0.14
Quitting secondary instance.
(node:14146) [DEP0005] DeprecationWarning: Buffer() is deprecated due to security and usability issues. Please use the Buffer.alloc(), Buffer.allocUnsafe(), or Buffer.from() methods instead.
Gtk-Message: 15:39:23.105: Failed to load module "window-decorations-gtk-module"
Gtk-Message: 15:39:23.105: Failed to load module "colorreload-gtk-module"
QObject::startTimer: Timers cannot have negative intervals
Discord 0.0.14
Quitting secondary instance.
(node:14781) [DEP0005] DeprecationWarning: Buffer() is deprecated due to security and usability issues. Please use the Buffer.alloc(), Buffer.allocUnsafe(), or Buffer.from() methods instead.
Gtk-Message: 15:50:46.187: Failed to load module "window-decorations-gtk-module"
Gtk-Message: 15:50:46.187: Failed to load module "colorreload-gtk-module"
Discord 0.0.14
Quitting secondary instance.
(node:15932) [DEP0005] DeprecationWarning: Buffer() is deprecated due to security and usability issues. Please use the Buffer.alloc(), Buffer.allocUnsafe(), or Buffer.from() methods instead.
Gtk-Message: 16:23:54.342: Failed to load module "window-decorations-gtk-module"
Gtk-Message: 16:23:54.342: Failed to load module "colorreload-gtk-module"
[Modules] Checking for host updates.
[Modules] Host is up to date.
[Modules] Checking for module updates at https://discord.com/api/modules/stable/versions.json
[Modules] No module updates available.
[6006:0416/163953.330404:ERROR:gl_utils.cc(314)] [.RendererMainThread-0x79229e81e00] GL_INVALID_FRAMEBUFFER_OPERATION: Draw framebuffer is incomplete
Gtk-Message: 17:02:47.626: Failed to load module "window-decorations-gtk-module"
Gtk-Message: 17:02:47.626: Failed to load module "colorreload-gtk-module"
Warning: 'sandbox' is not in the list of known options, but still passed to Electron/Chromium.
[90m[main 2021-04-16T15:02:47.801Z][0m update#setState idle
bash: cannot set terminal process group (-1): Inappropriate ioctl for device
bash: no job control in this shell
(node:17556) electron: The default of contextIsolation is deprecated and will be changing from false to true in a future release of Electron.  See https://github.com/electron/electron/issues/23506 for more information
(node:17556) electron: The default of contextIsolation is deprecated and will be changing from false to true in a future release of Electron.  See https://github.com/electron/electron/issues/23506 for more information
(node:17688) Electron: Loading non-context-aware native module in renderer: '/usr/share/code/resources/app/node_modules.asar.unpacked/spdlog/build/Release/spdlog.node'. This is deprecated, see https://github.com/electron/electron/issues/18397.
[90m[main 2021-04-16T15:03:17.816Z][0m update#setState checking for updates
[90m[main 2021-04-16T15:03:17.859Z][0m update#setState available for download
Discord 0.0.14
Quitting secondary instance.
(node:17772) [DEP0005] DeprecationWarning: Buffer() is deprecated due to security and usability issues. Please use the Buffer.alloc(), Buffer.allocUnsafe(), or Buffer.from() methods instead.
Gtk-Message: 17:04:11.772: Failed to load module "window-decorations-gtk-module"
Gtk-Message: 17:04:11.772: Failed to load module "colorreload-gtk-module"
"No such interface “org.freedesktop.DBus.Properties” on object at path /org/freedesktop/NetworkManager/ActiveConnection/4"
"No such interface “org.freedesktop.DBus.Properties” on object at path /org/freedesktop/NetworkManager/ActiveConnection/3"
"No such interface “org.freedesktop.DBus.Properties” on object at path /org/freedesktop/NetworkManager/ActiveConnection/4"
"No such interface “org.freedesktop.DBus.Properties” on object at path /org/freedesktop/NetworkManager/ActiveConnection/3"
"No such interface “org.freedesktop.DBus.Properties” on object at path /org/freedesktop/NetworkManager/ActiveConnection/4"
"No such interface “org.freedesktop.DBus.Properties” on object at path /org/freedesktop/NetworkManager/ActiveConnection/4"
[13547:0416/172506.522706:FATAL:gpu_data_manager_impl_private.cc(439)] GPU process isn't usable. Goodbye.
--2021-04-16 17:25:06--  https://sentry.io/api/146342/minidump/?sentry_key=384ce4413de74fe0be270abe03b2b35a
Resolving sentry.io (sentry.io)... 35.188.42.15
Connecting to sentry.io (sentry.io)|35.188.42.15|:443... connected.
HTTP request sent, awaiting response... 200 OK
Length: 36 [text/plain]
Saving to: ‘/dev/fd/4’

     0K 
 Failed to get crash dump id. 
 Report Id:  5b5f9dae-de80-45 
  --2021-04-16 17:25:08--  https://sentry.io/api/146342/minidump/?sentry_key=384ce4413de74fe0be270abe03b2b35a
Resolving sentry.io (sentry.io)... 35.188.42.15
Connecting to sentry.io (sentry.io)|35.188.42.15|:443... connected.
HTTP request sent, awaiting response... 200 OK
Length: 36 [text/plain]
Saving to: ‘/dev/fd/4’

     0K    
 Failed to get crash dump id. 
 Report Id:  877d4a83-3186-41 
   Discord 0.0.14
(node:23122) [DEP0005] DeprecationWarning: Buffer() is deprecated due to security and usability issues. Please use the Buffer.alloc(), Buffer.allocUnsafe(), or Buffer.from() methods instead.
Gtk-Message: 17:47:57.543: Failed to load module "window-decorations-gtk-module"
Gtk-Message: 17:47:57.543: Failed to load module "colorreload-gtk-module"
Starting app.
Starting updater.
[Modules] Modules initializing
[Modules] Distribution: remote
[Modules] Host updates: enabled
[Modules] Module updates: enabled
[Modules] Module install path: /home/manu/.config/discord/0.0.14/modules
[Modules] Module installed file path: /home/manu/.config/discord/0.0.14/modules/installed.json
[Modules] Module download path: /home/manu/.config/discord/0.0.14/modules/pending
[Modules] No updates to install
[Modules] Checking for host updates.
[Modules] Host is up to date.
[Modules] Checking for module updates at https://discord.com/api/modules/stable/versions.json
[Modules] No module updates available.
[2021-04-16 17:47:58.600] [23219] (audio_device_generic.cc:66): SetRecordingDevice: Not supported on this platform
[2021-04-16 17:47:58.602] [23219] (audio_device_generic.cc:61): SetPlayoutDevice: Not supported on this platform
[2021-04-16 17:47:58.619] [23219] (audio_device_generic.cc:66): SetRecordingDevice: Not supported on this platform
[2021-04-16 17:47:58.622] [23219] (audio_device_generic.cc:61): SetPlayoutDevice: Not supported on this platform
[2021-04-16 18:04:27.611] [23219] (audio_device_generic.cc:61): SetPlayoutDevice: Not supported on this platform
[Modules] Checking for host updates.
[Modules] Host is up to date.
[Modules] Checking for module updates at https://discord.com/api/modules/stable/versions.json
[Modules] No module updates available.
qt.qpa.xcb: QXcbConnection: XCB error: 148 (Unknown), sequence: 22644, resource id: 0, major code: 140 (Unknown), minor code: 20
[2021-04-16 18:58:36.752] [23219] (audio_device_generic.cc:61): SetPlayoutDevice: Not supported on this platform
[2021-04-16 19:10:39.585] [23219] (audio_device_generic.cc:61): SetPlayoutDevice: Not supported on this platform
[Modules] Checking for host updates.
[Modules] Host is up to date.
[Modules] Checking for module updates at https://discord.com/api/modules/stable/versions.json
[Modules] No module updates available.
[Modules] Checking for host updates.
[Modules] Host is up to date.
[Modules] Checking for module updates at https://discord.com/api/modules/stable/versions.json
[Modules] No module updates available.
qt.qpa.xcb: QXcbConnection: XCB error: 148 (Unknown), sequence: 23066, resource id: 0, major code: 140 (Unknown), minor code: 20
[2021-04-16 21:28:39.583] [23219] (audio_device_generic.cc:61): SetPlayoutDevice: Not supported on this platform
Discord 0.0.14
Quitting secondary instance.
(node:26879) [DEP0005] DeprecationWarning: Buffer() is deprecated due to security and usability issues. Please use the Buffer.alloc(), Buffer.allocUnsafe(), or Buffer.from() methods instead.
Gtk-Message: 21:28:50.110: Failed to load module "window-decorations-gtk-module"
Gtk-Message: 21:28:50.110: Failed to load module "colorreload-gtk-module"
[2021-04-16 21:30:23.545] [23224] (audio_device_pulse_linux.cc:1855): Can't query latency
[2021-04-16 21:30:23.546] [23224] (audio_device_pulse_linux.cc:1855): Can't query latency
[2021-04-16 21:30:23.546] [23224] (audio_device_pulse_linux.cc:1855): Can't query latency
[2021-04-16 21:30:23.546] [23224] (audio_device_pulse_linux.cc:1855): Can't query latency
[2021-04-16 21:30:23.547] [23224] (audio_device_pulse_linux.cc:1855): Can't query latency
[2021-04-16 21:30:23.547] [23224] (audio_device_pulse_linux.cc:1855): Can't query latency
[2021-04-16 21:30:23.547] [23224] (audio_device_pulse_linux.cc:1855): Can't query latency
[2021-04-16 21:30:23.547] [23224] (audio_device_pulse_linux.cc:1855): Can't query latency
[2021-04-16 21:30:23.562] [23219] (audio_send_stream.cc:285): Failed to set up send codec state.
rtc_log_set_paused: false
rtc_log_set_paused error: monitor_option.is_none()
[2021-04-16 21:30:23.604] [23219] (audio_send_stream.cc:285): Failed to set up send codec state.
[2021-04-16 21:30:23.605] [23219] (audio_device_generic.cc:31): BuiltInAECIsAvailable: Not supported on this platform
[2021-04-16 21:30:23.658] [23219] (audio_send_stream.cc:285): Failed to set up send codec state.
[Modules] Checking for host updates.
[Modules] Host is up to date.
[Modules] Checking for module updates at https://discord.com/api/modules/stable/versions.json
[Modules] No module updates available.
[Modules] Checking for host updates.
[Modules] Host is up to date.
[Modules] Checking for module updates at https://discord.com/api/modules/stable/versions.json
[Modules] No module updates available.
[Modules] Checking for host updates.
[Modules] Host is up to date.
[Modules] Checking for module updates at https://discord.com/api/modules/stable/versions.json
[Modules] No module updates available.
[2021-04-16 23:52:47.238] [23223] (audio_device_pulse_linux.cc:1855): Can't query latency
[Modules] Checking for host updates.
[Modules] Host is up to date.
[Modules] Checking for module updates at https://discord.com/api/modules/stable/versions.json
[Modules] No module updates available.
[Modules] Checking for host updates.
[Modules] Host is up to date.
[Modules] Checking for module updates at https://discord.com/api/modules/stable/versions.json
[Modules] No module updates available.
[2021-04-17 01:54:10.676] [23222] (audio_mixer_manager_pulse_linux.cc:724): failed to set volume
[2021-04-17 01:54:10.679] [23219] (audio_send_stream.cc:285): Failed to set up send codec state.
[2021-04-17 01:54:10.701] [23219] (audio_device_generic.cc:61): SetPlayoutDevice: Not supported on this platform
[2021-04-17 01:54:12.859] [23219] (audio_device_generic.cc:66): SetRecordingDevice: Not supported on this platform
[2021-04-17 01:54:12.865] [23223] (audio_device_pulse_linux.cc:1855): Can't query latency
[2021-04-17 01:54:12.865] [23219] (audio_send_stream.cc:285): Failed to set up send codec state.
[2021-04-17 01:54:12.865] [23219] (audio_device_generic.cc:61): SetPlayoutDevice: Not supported on this platform
[2021-04-17 01:54:17.679] [23219] (audio_device_generic.cc:66): SetRecordingDevice: Not supported on this platform
[2021-04-17 01:54:17.687] [23219] (audio_send_stream.cc:285): Failed to set up send codec state.
[2021-04-17 01:54:17.687] [23219] (audio_device_generic.cc:61): SetPlayoutDevice: Not supported on this platform
[Modules] Checking for host updates.
[Modules] Host is up to date.
[Modules] Checking for module updates at https://discord.com/api/modules/stable/versions.json
[Modules] No module updates available.
KCrash: Attempting to start /usr/bin/latte-dock directly
KCrash: crashing... crashRecursionCounter = 2
KCrash: Application Name = latte-dock path = /usr/bin pid = 3686
KCrash: Arguments: /usr/bin/latte-dock 
KCrash: Attempting to start /usr/lib/x86_64-linux-gnu/libexec/drkonqi directly
